Using pre-set license
Built from '2021.3/staging' branch; Version is '2021.3.25f1 (68ef2c4f8861) revision 6876972'; Using compiler version '192829333'; Build Type 'Release'
OS: 'Windows 11  (10.0.22621) 64bit CoreSingleLanguage' Language: 'en' Physical Memory: 8070 MB
BatchMode: 1, IsHumanControllingUs: 0, StartBugReporterOnCrash: 0, Is64bit: 1, IsPro: 1

COMMAND LINE ARGUMENTS:
C:\Program Files\Unity 2021.3.25f1\Editor\Unity.exe
-adb2
-batchMode
-noUpm
-name
AssetImportWorker0
-projectPath
C:/Z_Unity/2D_Multi_1_Try
-logFile
Logs/AssetImportWorker0.log
-srvPort
51338
Successfully changed project path to: C:/Z_Unity/2D_Multi_1_Try
C:/Z_Unity/2D_Multi_1_Try
[UnityMemory] Configuration Parameters - Can be set up in boot.config
    "memorysetup-bucket-allocator-granularity=16"
    "memorysetup-bucket-allocator-bucket-count=8"
    "memorysetup-bucket-allocator-block-size=33554432"
    "memorysetup-bucket-allocator-block-count=8"
    "memorysetup-main-allocator-block-size=16777216"
    "memorysetup-thread-allocator-block-size=16777216"
    "memorysetup-gfx-main-allocator-block-size=16777216"
    "memorysetup-gfx-thread-allocator-block-size=16777216"
    "memorysetup-cache-allocator-block-size=4194304"
    "memorysetup-typetree-allocator-block-size=2097152"
    "memorysetup-profiler-bucket-allocator-granularity=16"
    "memorysetup-profiler-bucket-allocator-bucket-count=8"
    "memorysetup-profiler-bucket-allocator-block-size=33554432"
    "memorysetup-profiler-bucket-allocator-block-count=8"
    "memorysetup-profiler-allocator-block-size=16777216"
    "memorysetup-profiler-editor-allocator-block-size=1048576"
    "memorysetup-temp-allocator-size-main=16777216"
    "memorysetup-job-temp-allocator-block-size=2097152"
    "memorysetup-job-temp-allocator-block-size-background=1048576"
    "memorysetup-job-temp-allocator-reduction-small-platforms=262144"
    "memorysetup-temp-allocator-size-background-worker=32768"
    "memorysetup-temp-allocator-size-job-worker=262144"
    "memorysetup-temp-allocator-size-preload-manager=33554432"
    "memorysetup-temp-allocator-size-nav-mesh-worker=65536"
    "memorysetup-temp-allocator-size-audio-worker=65536"
    "memorysetup-temp-allocator-size-cloud-worker=32768"
    "memorysetup-temp-allocator-size-gi-baking-worker=262144"
    "memorysetup-temp-allocator-size-gfx=262144"
Player connection [10128] Host "[IP] 192.168.43.40 [Port] 0 [Flags] 2 [Guid] 1703093416 [EditorId] 1703093416 [Version] 1048832 [Id] WindowsEditor(7,DESKTOP-OU0JL4L) [Debug] 1 [PackageName] WindowsEditor [ProjectName] Editor" joined multi-casting on [225.0.0.222:54997]...

Player connection [10128] Host "[IP] 192.168.43.40 [Port] 0 [Flags] 2 [Guid] 1703093416 [EditorId] 1703093416 [Version] 1048832 [Id] WindowsEditor(7,DESKTOP-OU0JL4L) [Debug] 1 [PackageName] WindowsEditor [ProjectName] Editor" joined alternative multi-casting on [225.0.0.222:34997]...

Refreshing native plugins compatible for Editor in 147.41 ms, found 4 plugins.
Preloading 0 native plugins for Editor in 0.00 ms.
Initialize engine version: 2021.3.25f1 (68ef2c4f8861)
[Subsystems] Discovering subsystems at path C:/Program Files/Unity 2021.3.25f1/Editor/Data/Resources/UnitySubsystems
[Subsystems] Discovering subsystems at path C:/Z_Unity/2D_Multi_1_Try/Assets
GfxDevice: creating device client; threaded=0; jobified=0
Direct3D:
    Version:  Direct3D 11.0 [level 11.1]
    Renderer: Intel(R) UHD Graphics 620 (ID=0x5917)
    Vendor:   Intel
    VRAM:     4035 MB
    Driver:   26.20.100.7372
Initialize mono
Mono path[0] = 'C:/Program Files/Unity 2021.3.25f1/Editor/Data/Managed'
Mono path[1] = 'C:/Program Files/Unity 2021.3.25f1/Editor/Data/MonoBleedingEdge/lib/mono/unityjit-win32'
Mono config path = 'C:/Program Files/Unity 2021.3.25f1/Editor/Data/MonoBleedingEdge/etc'
Using monoOptions --debugger-agent=transport=dt_socket,embedding=1,server=y,suspend=n,address=127.0.0.1:56944
Begin MonoManager ReloadAssembly
Registering precompiled unity dll's ...
Register platform support module: C:/Program Files/Unity 2021.3.25f1/Editor/Data/PlaybackEngines/WebGLSupport/UnityEditor.WebGL.Extensions.dll
Register platform support module: C:/Program Files/Unity 2021.3.25f1/Editor/Data/PlaybackEngines/AndroidPlayer/UnityEditor.Android.Extensions.dll
Register platform support module: C:/Program Files/Unity 2021.3.25f1/Editor/Data/PlaybackEngines/WindowsStandaloneSupport/UnityEditor.WindowsStandalone.Extensions.dll
Registered in 0.009668 seconds.
Native extension for WindowsStandalone target not found
Native extension for Android target not found
Native extension for WebGL target not found
Refreshing native plugins compatible for Editor in 156.36 ms, found 4 plugins.
Preloading 0 native plugins for Editor in 0.00 ms.
Mono: successfully reloaded assembly
- Completed reload, in  1.070 seconds
Domain Reload Profiling:
	ReloadAssembly (1070ms)
		BeginReloadAssembly (109ms)
			ExecutionOrderSort (0ms)
			DisableScriptedObjects (0ms)
			BackupInstance (0ms)
			ReleaseScriptingObjects (0ms)
			CreateAndSetChildDomain (1ms)
		EndReloadAssembly (800ms)
			LoadAssemblies (108ms)
			RebuildTransferFunctionScriptingTraits (0ms)
			SetupTypeCache (173ms)
			ReleaseScriptCaches (0ms)
			RebuildScriptCaches (46ms)
			SetupLoadedEditorAssemblies (481ms)
				LogAssemblyErrors (0ms)
				InitializePlatformSupportModulesInManaged (134ms)
				SetLoadedEditorAssemblies (0ms)
				RefreshPlugins (156ms)
				BeforeProcessingInitializeOnLoad (1ms)
				ProcessInitializeOnLoadAttributes (127ms)
				ProcessInitializeOnLoadMethodAttributes (62ms)
				AfterProcessingInitializeOnLoad (0ms)
				EditorAssembliesLoaded (0ms)
			ExecutionOrderSort2 (0ms)
			AwakeInstancesAfterBackupRestoration (0ms)
Platform modules already initialized, skipping
Registering precompiled user dll's ...
Registered in 0.013206 seconds.
Begin MonoManager ReloadAssembly
Symbol file LoadedFromMemory doesn't match image C:\Z_Unity\2D_Multi_1_Try\Library\PackageCache\com.unity.visualscripting@1.8.0\Editor\VisualScripting.Core\Dependencies\YamlDotNet\Unity.VisualScripting.YamlDotNet.dll
Symbol file LoadedFromMemory doesn't match image C:\Z_Unity\2D_Multi_1_Try\Library\PackageCache\com.unity.visualscripting@1.8.0\Editor\VisualScripting.Core\Dependencies\DotNetZip\Unity.VisualScripting.IonicZip.dll
Native extension for WindowsStandalone target not found
Native extension for Android target not found
Native extension for WebGL target not found
Refreshing native plugins compatible for Editor in 137.06 ms, found 4 plugins.
Preloading 0 native plugins for Editor in 0.00 ms.
Mono: successfully reloaded assembly
- Completed reload, in  6.957 seconds
Domain Reload Profiling:
	ReloadAssembly (6958ms)
		BeginReloadAssembly (152ms)
			ExecutionOrderSort (0ms)
			DisableScriptedObjects (7ms)
			BackupInstance (0ms)
			ReleaseScriptingObjects (0ms)
			CreateAndSetChildDomain (24ms)
		EndReloadAssembly (6648ms)
			LoadAssemblies (5476ms)
			RebuildTransferFunctionScriptingTraits (0ms)
			SetupTypeCache (338ms)
			ReleaseScriptCaches (1ms)
			RebuildScriptCaches (79ms)
			SetupLoadedEditorAssemblies (703ms)
				LogAssemblyErrors (0ms)
				InitializePlatformSupportModulesInManaged (24ms)
				SetLoadedEditorAssemblies (0ms)
				RefreshPlugins (137ms)
				BeforeProcessingInitializeOnLoad (126ms)
				ProcessInitializeOnLoadAttributes (361ms)
				ProcessInitializeOnLoadMethodAttributes (44ms)
				AfterProcessingInitializeOnLoad (11ms)
				EditorAssembliesLoaded (0ms)
			ExecutionOrderSort2 (0ms)
			AwakeInstancesAfterBackupRestoration (8ms)
Platform modules already initialized, skipping
========================================================================
Worker process is ready to serve import requests
Launched and connected shader compiler UnityShaderCompiler.exe after 0.06 seconds
Refreshing native plugins compatible for Editor in 1.20 ms, found 4 plugins.
Preloading 0 native plugins for Editor in 0.00 ms.
Unloading 4675 Unused Serialized files (Serialized files now loaded: 0)
Unloading 41 unused Assets / (284.7 KB). Loaded Objects now: 5138.
Memory consumption went from 180.8 MB to 180.6 MB.
Total: 4.239000 ms (FindLiveObjects: 0.447100 ms CreateObjectMapping: 0.327000 ms MarkObjects: 3.339000 ms  DeleteObjects: 0.124100 ms)

AssetImportParameters requested are different than current active one (requested -> active):
  custom:video-decoder-ogg-theora: a1e56fd34408186e4bbccfd4996cb3dc -> 
  custom:container-muxer-webm: aa71ff27fc2769a1b78a27578f13a17b -> 
  custom:container-demuxer-webm: 4f35f7cbe854078d1ac9338744f61a02 -> 
  custom:video-encoder-webm-vp8: eb34c28f22e8b96e1ab97ce403110664 -> 
  custom:video-codec-MediaFoundation-h265: 746d11721c4dcdbdad8f713fa42b33f4 -> 
  custom:audio-encoder-webm-vorbis: bf7c407c2cedff20999df2af8eb42d56 -> 
  custom:framework-win-MediaFoundation: 216162199b28c13a410421893ffa2e32 -> 
  custom:container-demuxer-ogg: 62fdf1f143b41e24485cea50d1cbac27 -> 
  custom:video-decoder-webm-vp8: 9c59270c3fd7afecdb556c50c9e8de78 -> 
  custom:audio-decoder-ogg-vorbis: bf7c407c2cedff20999df2af8eb42d56 -> 
========================================================================
Received Import Request.
  Time since last request: 9145.210720 seconds.
  path: Assets/PlayFlowCloud/Lib
  artifactKey: Guid(f83d09f856b9856489ca7fd9df10e03a) Importer(815301076,1909f56bfc062723c751e8b465ee728b)
Start importing Assets/PlayFlowCloud/Lib using Guid(f83d09f856b9856489ca7fd9df10e03a) Importer(815301076,1909f56bfc062723c751e8b465ee728b)  -> (artifact id: 'f775bd5f0c7a2c70ec1490e2ae4fa676') in 0.014704 seconds 
========================================================================
Received Import Request.
  Time since last request: 0.000035 seconds.
  path: Assets/PlayFlowCloud/Editor/playflow.uxml
  artifactKey: Guid(7cb1e55ac21904b94911e16082514c00) Importer(815301076,1909f56bfc062723c751e8b465ee728b)
Start importing Assets/PlayFlowCloud/Editor/playflow.uxml using Guid(7cb1e55ac21904b94911e16082514c00) Importer(815301076,1909f56bfc062723c751e8b465ee728b)  -> (artifact id: '035684bf308adb56b38c67b010e83104') in 0.085658 seconds 
========================================================================
Received Import Request.
  Time since last request: 0.540639 seconds.
  path: Assets/PlayFlowCloud/Resources
  artifactKey: Guid(a05708b92fc1d4367a77f58481842b13) Importer(815301076,1909f56bfc062723c751e8b465ee728b)
Start importing Assets/PlayFlowCloud/Resources using Guid(a05708b92fc1d4367a77f58481842b13) Importer(815301076,1909f56bfc062723c751e8b465ee728b)  -> (artifact id: '48e0e99e2475f56e639e28bdb3413ffb') in 0.016698 seconds 
========================================================================
Received Import Request.
  Time since last request: 0.070528 seconds.
  path: Assets/PlayFlowCloud/Resources/playflow.png
  artifactKey: Guid(fb73c5297241d4de1b8678cff6b4ec7a) Importer(815301076,1909f56bfc062723c751e8b465ee728b)
Start importing Assets/PlayFlowCloud/Resources/playflow.png using Guid(fb73c5297241d4de1b8678cff6b4ec7a) Importer(815301076,1909f56bfc062723c751e8b465ee728b)  -> (artifact id: '1ce9cea3f1f3ea629057bdd4cb60b90e') in 0.922675 seconds 
========================================================================
Received Import Request.
  Time since last request: 1.200089 seconds.
  path: Assets/PlayFlowCloud/Resources/PlayFlowIcons
  artifactKey: Guid(b013487ec00704e949a4c82a3eac96e7) Importer(815301076,1909f56bfc062723c751e8b465ee728b)
Start importing Assets/PlayFlowCloud/Resources/PlayFlowIcons using Guid(b013487ec00704e949a4c82a3eac96e7) Importer(815301076,1909f56bfc062723c751e8b465ee728b)  -> (artifact id: '0eb7bf2a65872e4dc6e2f8686079fee0') in 0.014233 seconds 
========================================================================
Received Import Request.
  Time since last request: 0.105092 seconds.
  path: Assets/PlayFlowCloud/Resources/PlayFlowIcons/cloud-upload-icon.png
  artifactKey: Guid(82239f2097b4444fda67b2d59404003f) Importer(815301076,1909f56bfc062723c751e8b465ee728b)
Start importing Assets/PlayFlowCloud/Resources/PlayFlowIcons/cloud-upload-icon.png using Guid(82239f2097b4444fda67b2d59404003f) Importer(815301076,1909f56bfc062723c751e8b465ee728b)  -> (artifact id: '262b81a1d567c064ae441f2d03a639ba') in 0.044119 seconds 
========================================================================
Received Import Request.
  Time since last request: 0.000030 seconds.
  path: Assets/PlayFlowCloud/Resources/PlayFlowIcons/green-check-mark.png
  artifactKey: Guid(4ccb313a2d89d4cd59eec605f7710aea) Importer(815301076,1909f56bfc062723c751e8b465ee728b)
Start importing Assets/PlayFlowCloud/Resources/PlayFlowIcons/green-check-mark.png using Guid(4ccb313a2d89d4cd59eec605f7710aea) Importer(815301076,1909f56bfc062723c751e8b465ee728b)  -> (artifact id: 'a34ba2955df7f5faf08a301059da8a02') in 0.051023 seconds 
========================================================================
Received Import Request.
  Time since last request: 0.000061 seconds.
  path: Assets/PlayFlowCloud/Resources/PlayFlowIcons/warning.png
  artifactKey: Guid(70f71e0daf6e0462c9bd4ec5392d1084) Importer(815301076,1909f56bfc062723c751e8b465ee728b)
Start importing Assets/PlayFlowCloud/Resources/PlayFlowIcons/warning.png using Guid(70f71e0daf6e0462c9bd4ec5392d1084) Importer(815301076,1909f56bfc062723c751e8b465ee728b)  -> (artifact id: '88ffb74fb77190d007a7d26ea8c2f255') in 0.035582 seconds 
========================================================================
Received Import Request.
  Time since last request: 0.000027 seconds.
  path: Assets/PlayFlowCloud/Resources/PlayFlowIcons/information-icon.png
  artifactKey: Guid(702a0662f91ac4541a11e49e18a12f1c) Importer(815301076,1909f56bfc062723c751e8b465ee728b)
Start importing Assets/PlayFlowCloud/Resources/PlayFlowIcons/information-icon.png using Guid(702a0662f91ac4541a11e49e18a12f1c) Importer(815301076,1909f56bfc062723c751e8b465ee728b)  -> (artifact id: 'ecc1a09ef6a5119dfcf62d10659e427e') in 0.043183 seconds 
========================================================================
Received Import Request.
  Time since last request: 0.000055 seconds.
  path: Assets/PlayFlowCloud/Resources/PlayFlowIcons/yellow-circle.png
  artifactKey: Guid(c8847cc284f9c4baba881e8fd802a807) Importer(815301076,1909f56bfc062723c751e8b465ee728b)
Start importing Assets/PlayFlowCloud/Resources/PlayFlowIcons/yellow-circle.png using Guid(c8847cc284f9c4baba881e8fd802a807) Importer(815301076,1909f56bfc062723c751e8b465ee728b)  -> (artifact id: 'f77f3a75a2ceaeef4386031ef72f02db') in 0.051314 seconds 
========================================================================
Received Import Request.
  Time since last request: 0.000039 seconds.
  path: Assets/PlayFlowCloud/Resources/PlayFlowIcons/sync.png
  artifactKey: Guid(7cf264d3bd9bf4ad9b63ebb2ebf1f932) Importer(815301076,1909f56bfc062723c751e8b465ee728b)
Start importing Assets/PlayFlowCloud/Resources/PlayFlowIcons/sync.png using Guid(7cf264d3bd9bf4ad9b63ebb2ebf1f932) Importer(815301076,1909f56bfc062723c751e8b465ee728b)  -> (artifact id: '97c072a8082fa038cc23abb0c4c660ed') in 0.041529 seconds 
========================================================================
Received Import Request.
  Time since last request: 0.000032 seconds.
  path: Assets/PlayFlowCloud/Resources/PlayFlowIcons/key-icon.png
  artifactKey: Guid(da2b4e3a919054e7a991aa24dfbf4208) Importer(815301076,1909f56bfc062723c751e8b465ee728b)
Start importing Assets/PlayFlowCloud/Resources/PlayFlowIcons/key-icon.png using Guid(da2b4e3a919054e7a991aa24dfbf4208) Importer(815301076,1909f56bfc062723c751e8b465ee728b)  -> (artifact id: '961b7b07ac34127abd0d79962093dca7') in 0.066147 seconds 
========================================================================
Received Import Request.
  Time since last request: 0.000045 seconds.
  path: Assets/PlayFlowCloud/Resources/PlayFlowIcons/documentation-icon.png
  artifactKey: Guid(35a555cf7537b4cc09584616bbf566cd) Importer(815301076,1909f56bfc062723c751e8b465ee728b)
Start importing Assets/PlayFlowCloud/Resources/PlayFlowIcons/documentation-icon.png using Guid(35a555cf7537b4cc09584616bbf566cd) Importer(815301076,1909f56bfc062723c751e8b465ee728b)  -> (artifact id: 'f4d132433e2e3640ac7dfdd717442ce6') in 0.046428 seconds 
========================================================================
Received Import Request.
  Time since last request: 0.000051 seconds.
  path: Assets/PlayFlowCloud/Resources/PlayFlowIcons/server.png
  artifactKey: Guid(a1150c71ab8c54a3ebe08711fbdc82b9) Importer(815301076,1909f56bfc062723c751e8b465ee728b)
Start importing Assets/PlayFlowCloud/Resources/PlayFlowIcons/server.png using Guid(a1150c71ab8c54a3ebe08711fbdc82b9) Importer(815301076,1909f56bfc062723c751e8b465ee728b)  -> (artifact id: '51b1ddcbf4f6587cc758da359e8f5857') in 0.045995 seconds 
========================================================================
Received Import Request.
  Time since last request: 0.000053 seconds.
  path: Assets/PlayFlowCloud/Resources/PlayFlowIcons/stop.png
  artifactKey: Guid(39f5525c706144670ab81d7d1f135b96) Importer(815301076,1909f56bfc062723c751e8b465ee728b)
Start importing Assets/PlayFlowCloud/Resources/PlayFlowIcons/stop.png using Guid(39f5525c706144670ab81d7d1f135b96) Importer(815301076,1909f56bfc062723c751e8b465ee728b)  -> (artifact id: '8d9b9f2d93d6ea016443f28177603f1d') in 0.033765 seconds 
========================================================================
Received Import Request.
  Time since last request: 0.000023 seconds.
  path: Assets/PlayFlowCloud/Resources/PlayFlowIcons/icon-social.png
  artifactKey: Guid(a7d2b41e3417e4b08b5ef1fdcee095c4) Importer(815301076,1909f56bfc062723c751e8b465ee728b)
Start importing Assets/PlayFlowCloud/Resources/PlayFlowIcons/icon-social.png using Guid(a7d2b41e3417e4b08b5ef1fdcee095c4) Importer(815301076,1909f56bfc062723c751e8b465ee728b)  -> (artifact id: '71852247ab377461ac5afb30913e644f') in 0.041468 seconds 
========================================================================
Received Import Request.
  Time since last request: 3.219187 seconds.
  path: Assets/PlayFlowCloud/Scripts
  artifactKey: Guid(781a9a5ee706f488c9db501b44e75dee) Importer(815301076,1909f56bfc062723c751e8b465ee728b)
Start importing Assets/PlayFlowCloud/Scripts using Guid(781a9a5ee706f488c9db501b44e75dee) Importer(815301076,1909f56bfc062723c751e8b465ee728b)  -> (artifact id: '3229064f271e60275b0a0926ce665e1e') in 0.034610 seconds 
========================================================================
Received Import Request.
  Time since last request: 2.465756 seconds.
  path: Assets/PlayFlowCloud/Documentation
  artifactKey: Guid(eed04b66d6344b14a85ecad22339aa6c) Importer(815301076,1909f56bfc062723c751e8b465ee728b)
Start importing Assets/PlayFlowCloud/Documentation using Guid(eed04b66d6344b14a85ecad22339aa6c) Importer(815301076,1909f56bfc062723c751e8b465ee728b)  -> (artifact id: '11932cc816866287e960cf4848ea4092') in 0.015684 seconds 
========================================================================
Received Import Request.
  Time since last request: 4.167166 seconds.
  path: Assets/PlayFlowCloud/README.txt
  artifactKey: Guid(2923b65410946fb4d96d49f70fedc246) Importer(815301076,1909f56bfc062723c751e8b465ee728b)
Start importing Assets/PlayFlowCloud/README.txt using Guid(2923b65410946fb4d96d49f70fedc246) Importer(815301076,1909f56bfc062723c751e8b465ee728b)  -> (artifact id: '1d92010dd6252e3a79124a6a9165401f') in 0.436552 seconds 
========================================================================
Received Import Request.
  Time since last request: 263.398610 seconds.
  path: Assets/PlayFlowCloud/Scripts/PlayFlowMatchMaker.cs
  artifactKey: Guid(f20a431a8f4c460b863f21cb7952b982) Importer(815301076,1909f56bfc062723c751e8b465ee728b)
Start importing Assets/PlayFlowCloud/Scripts/PlayFlowMatchMaker.cs using Guid(f20a431a8f4c460b863f21cb7952b982) Importer(815301076,1909f56bfc062723c751e8b465ee728b)  -> (artifact id: '799a4335faeee61c4c9a25292cf9df12') in 0.145464 seconds 
