Using pre-set license
Built from '2021.3/staging' branch; Version is '2021.3.25f1 (68ef2c4f8861) revision 6876972'; Using compiler version '192829333'; Build Type 'Release'
OS: 'Windows 11  (10.0.22621) 64bit CoreSingleLanguage' Language: 'en' Physical Memory: 8070 MB
BatchMode: 1, IsHumanControllingUs: 0, StartBugReporterOnCrash: 0, Is64bit: 1, IsPro: 1

COMMAND LINE ARGUMENTS:
C:\Program Files\Unity 2021.3.25f1\Editor\Unity.exe
-adb2
-batchMode
-noUpm
-name
AssetImportWorker1
-projectPath
C:/Z_Unity/2D_Multi_1_Try
-logFile
Logs/AssetImportWorker1.log
-srvPort
51338
Successfully changed project path to: C:/Z_Unity/2D_Multi_1_Try
C:/Z_Unity/2D_Multi_1_Try
[UnityMemory] Configuration Parameters - Can be set up in boot.config
    "memorysetup-bucket-allocator-granularity=16"
    "memorysetup-bucket-allocator-bucket-count=8"
    "memorysetup-bucket-allocator-block-size=33554432"
    "memorysetup-bucket-allocator-block-count=8"
    "memorysetup-main-allocator-block-size=16777216"
    "memorysetup-thread-allocator-block-size=16777216"
    "memorysetup-gfx-main-allocator-block-size=16777216"
    "memorysetup-gfx-thread-allocator-block-size=16777216"
    "memorysetup-cache-allocator-block-size=4194304"
    "memorysetup-typetree-allocator-block-size=2097152"
    "memorysetup-profiler-bucket-allocator-granularity=16"
    "memorysetup-profiler-bucket-allocator-bucket-count=8"
    "memorysetup-profiler-bucket-allocator-block-size=33554432"
    "memorysetup-profiler-bucket-allocator-block-count=8"
    "memorysetup-profiler-allocator-block-size=16777216"
    "memorysetup-profiler-editor-allocator-block-size=1048576"
    "memorysetup-temp-allocator-size-main=16777216"
    "memorysetup-job-temp-allocator-block-size=2097152"
    "memorysetup-job-temp-allocator-block-size-background=1048576"
    "memorysetup-job-temp-allocator-reduction-small-platforms=262144"
    "memorysetup-temp-allocator-size-background-worker=32768"
    "memorysetup-temp-allocator-size-job-worker=262144"
    "memorysetup-temp-allocator-size-preload-manager=33554432"
    "memorysetup-temp-allocator-size-nav-mesh-worker=65536"
    "memorysetup-temp-allocator-size-audio-worker=65536"
    "memorysetup-temp-allocator-size-cloud-worker=32768"
    "memorysetup-temp-allocator-size-gi-baking-worker=262144"
    "memorysetup-temp-allocator-size-gfx=262144"
Player connection [14020] Host "[IP] 192.168.43.40 [Port] 0 [Flags] 2 [Guid] 1613344878 [EditorId] 1613344878 [Version] 1048832 [Id] WindowsEditor(7,DESKTOP-OU0JL4L) [Debug] 1 [PackageName] WindowsEditor [ProjectName] Editor" joined multi-casting on [225.0.0.222:54997]...

Player connection [14020] Host "[IP] 192.168.43.40 [Port] 0 [Flags] 2 [Guid] 1613344878 [EditorId] 1613344878 [Version] 1048832 [Id] WindowsEditor(7,DESKTOP-OU0JL4L) [Debug] 1 [PackageName] WindowsEditor [ProjectName] Editor" joined alternative multi-casting on [225.0.0.222:34997]...

Refreshing native plugins compatible for Editor in 147.41 ms, found 4 plugins.
Preloading 0 native plugins for Editor in 0.00 ms.
Initialize engine version: 2021.3.25f1 (68ef2c4f8861)
[Subsystems] Discovering subsystems at path C:/Program Files/Unity 2021.3.25f1/Editor/Data/Resources/UnitySubsystems
[Subsystems] Discovering subsystems at path C:/Z_Unity/2D_Multi_1_Try/Assets
GfxDevice: creating device client; threaded=0; jobified=0
Direct3D:
    Version:  Direct3D 11.0 [level 11.1]
    Renderer: Intel(R) UHD Graphics 620 (ID=0x5917)
    Vendor:   Intel
    VRAM:     4035 MB
    Driver:   26.20.100.7372
Initialize mono
Mono path[0] = 'C:/Program Files/Unity 2021.3.25f1/Editor/Data/Managed'
Mono path[1] = 'C:/Program Files/Unity 2021.3.25f1/Editor/Data/MonoBleedingEdge/lib/mono/unityjit-win32'
Mono config path = 'C:/Program Files/Unity 2021.3.25f1/Editor/Data/MonoBleedingEdge/etc'
Using monoOptions --debugger-agent=transport=dt_socket,embedding=1,server=y,suspend=n,address=127.0.0.1:56696
Begin MonoManager ReloadAssembly
Registering precompiled unity dll's ...
Register platform support module: C:/Program Files/Unity 2021.3.25f1/Editor/Data/PlaybackEngines/WebGLSupport/UnityEditor.WebGL.Extensions.dll
Register platform support module: C:/Program Files/Unity 2021.3.25f1/Editor/Data/PlaybackEngines/AndroidPlayer/UnityEditor.Android.Extensions.dll
Register platform support module: C:/Program Files/Unity 2021.3.25f1/Editor/Data/PlaybackEngines/WindowsStandaloneSupport/UnityEditor.WindowsStandalone.Extensions.dll
Registered in 0.009253 seconds.
Native extension for WindowsStandalone target not found
Native extension for Android target not found
Native extension for WebGL target not found
Refreshing native plugins compatible for Editor in 163.43 ms, found 4 plugins.
Preloading 0 native plugins for Editor in 0.00 ms.
Mono: successfully reloaded assembly
- Completed reload, in  1.056 seconds
Domain Reload Profiling:
	ReloadAssembly (1056ms)
		BeginReloadAssembly (106ms)
			ExecutionOrderSort (0ms)
			DisableScriptedObjects (0ms)
			BackupInstance (0ms)
			ReleaseScriptingObjects (0ms)
			CreateAndSetChildDomain (1ms)
		EndReloadAssembly (797ms)
			LoadAssemblies (104ms)
			RebuildTransferFunctionScriptingTraits (0ms)
			SetupTypeCache (185ms)
			ReleaseScriptCaches (0ms)
			RebuildScriptCaches (47ms)
			SetupLoadedEditorAssemblies (479ms)
				LogAssemblyErrors (0ms)
				InitializePlatformSupportModulesInManaged (128ms)
				SetLoadedEditorAssemblies (0ms)
				RefreshPlugins (164ms)
				BeforeProcessingInitializeOnLoad (2ms)
				ProcessInitializeOnLoadAttributes (129ms)
				ProcessInitializeOnLoadMethodAttributes (57ms)
				AfterProcessingInitializeOnLoad (0ms)
				EditorAssembliesLoaded (0ms)
			ExecutionOrderSort2 (0ms)
			AwakeInstancesAfterBackupRestoration (0ms)
Platform modules already initialized, skipping
Registering precompiled user dll's ...
Registered in 0.013084 seconds.
Begin MonoManager ReloadAssembly
Symbol file LoadedFromMemory doesn't match image C:\Z_Unity\2D_Multi_1_Try\Library\PackageCache\com.unity.visualscripting@1.8.0\Editor\VisualScripting.Core\Dependencies\YamlDotNet\Unity.VisualScripting.YamlDotNet.dll
Symbol file LoadedFromMemory doesn't match image C:\Z_Unity\2D_Multi_1_Try\Library\PackageCache\com.unity.visualscripting@1.8.0\Editor\VisualScripting.Core\Dependencies\DotNetZip\Unity.VisualScripting.IonicZip.dll
Native extension for WindowsStandalone target not found
Native extension for Android target not found
Native extension for WebGL target not found
Refreshing native plugins compatible for Editor in 136.62 ms, found 4 plugins.
Preloading 0 native plugins for Editor in 0.00 ms.
Mono: successfully reloaded assembly
- Completed reload, in  6.916 seconds
Domain Reload Profiling:
	ReloadAssembly (6917ms)
		BeginReloadAssembly (156ms)
			ExecutionOrderSort (0ms)
			DisableScriptedObjects (7ms)
			BackupInstance (0ms)
			ReleaseScriptingObjects (0ms)
			CreateAndSetChildDomain (25ms)
		EndReloadAssembly (6608ms)
			LoadAssemblies (5445ms)
			RebuildTransferFunctionScriptingTraits (0ms)
			SetupTypeCache (337ms)
			ReleaseScriptCaches (1ms)
			RebuildScriptCaches (81ms)
			SetupLoadedEditorAssemblies (697ms)
				LogAssemblyErrors (0ms)
				InitializePlatformSupportModulesInManaged (24ms)
				SetLoadedEditorAssemblies (0ms)
				RefreshPlugins (137ms)
				BeforeProcessingInitializeOnLoad (126ms)
				ProcessInitializeOnLoadAttributes (352ms)
				ProcessInitializeOnLoadMethodAttributes (45ms)
				AfterProcessingInitializeOnLoad (12ms)
				EditorAssembliesLoaded (0ms)
			ExecutionOrderSort2 (0ms)
			AwakeInstancesAfterBackupRestoration (8ms)
Platform modules already initialized, skipping
========================================================================
Worker process is ready to serve import requests
Launched and connected shader compiler UnityShaderCompiler.exe after 0.07 seconds
Refreshing native plugins compatible for Editor in 1.13 ms, found 4 plugins.
Preloading 0 native plugins for Editor in 0.00 ms.
Unloading 4675 Unused Serialized files (Serialized files now loaded: 0)
Unloading 41 unused Assets / (284.7 KB). Loaded Objects now: 5138.
Memory consumption went from 180.9 MB to 180.6 MB.
Total: 4.008000 ms (FindLiveObjects: 0.415400 ms CreateObjectMapping: 0.342800 ms MarkObjects: 3.162000 ms  DeleteObjects: 0.086900 ms)

AssetImportParameters requested are different than current active one (requested -> active):
  custom:video-decoder-ogg-theora: a1e56fd34408186e4bbccfd4996cb3dc -> 
  custom:container-muxer-webm: aa71ff27fc2769a1b78a27578f13a17b -> 
  custom:container-demuxer-webm: 4f35f7cbe854078d1ac9338744f61a02 -> 
  custom:video-encoder-webm-vp8: eb34c28f22e8b96e1ab97ce403110664 -> 
  custom:video-codec-MediaFoundation-h265: 746d11721c4dcdbdad8f713fa42b33f4 -> 
  custom:audio-encoder-webm-vorbis: bf7c407c2cedff20999df2af8eb42d56 -> 
  custom:framework-win-MediaFoundation: 216162199b28c13a410421893ffa2e32 -> 
  custom:container-demuxer-ogg: 62fdf1f143b41e24485cea50d1cbac27 -> 
  custom:video-decoder-webm-vp8: 9c59270c3fd7afecdb556c50c9e8de78 -> 
  custom:audio-decoder-ogg-vorbis: bf7c407c2cedff20999df2af8eb42d56 -> 
========================================================================
Received Import Request.
  Time since last request: 9145.198904 seconds.
  path: Assets/PlayFlowCloud/Editor
  artifactKey: Guid(c048edb28b9f7ea4b9d9d283c41e99ba) Importer(815301076,1909f56bfc062723c751e8b465ee728b)
Start importing Assets/PlayFlowCloud/Editor using Guid(c048edb28b9f7ea4b9d9d283c41e99ba) Importer(815301076,1909f56bfc062723c751e8b465ee728b)  -> (artifact id: 'dc6e55538f514dbdb07e8cb9ff8f6468') in 0.028905 seconds 
========================================================================
Received Import Request.
  Time since last request: 0.000038 seconds.
  path: Assets/PlayFlowCloud
  artifactKey: Guid(2255f1b21b87b894d99aae59449f3d29) Importer(815301076,1909f56bfc062723c751e8b465ee728b)
Start importing Assets/PlayFlowCloud using Guid(2255f1b21b87b894d99aae59449f3d29) Importer(815301076,1909f56bfc062723c751e8b465ee728b)  -> (artifact id: '9296c62c9c8103aaa73004bf071c393a') in 0.016715 seconds 
========================================================================
Received Import Request.
  Time since last request: 0.000025 seconds.
  path: Assets/PlayFlowCloud/Editor/Styles.uss
  artifactKey: Guid(d68bd011df794c9f9e93e1ac429f1d53) Importer(815301076,1909f56bfc062723c751e8b465ee728b)
Start importing Assets/PlayFlowCloud/Editor/Styles.uss using Guid(d68bd011df794c9f9e93e1ac429f1d53) Importer(815301076,1909f56bfc062723c751e8b465ee728b)  -> (artifact id: '0fd6254b2a79f5ce85ebc6a41efa54ff') in 0.070738 seconds 
========================================================================
Received Import Request.
  Time since last request: 2.883193 seconds.
  path: Assets/PlayFlowCloud/Resources/PlayFlowIcons/copy.png
  artifactKey: Guid(311a1bd5a032747beb675f9e278396b7) Importer(815301076,1909f56bfc062723c751e8b465ee728b)
Start importing Assets/PlayFlowCloud/Resources/PlayFlowIcons/copy.png using Guid(311a1bd5a032747beb675f9e278396b7) Importer(815301076,1909f56bfc062723c751e8b465ee728b)  -> (artifact id: '6c844715f91aead1f434424b8148d254') in 0.223958 seconds 
========================================================================
Received Import Request.
  Time since last request: 0.000049 seconds.
  path: Assets/PlayFlowCloud/Resources/PlayFlowIcons/lightning-icon.png
  artifactKey: Guid(fe7ee53df14bd45ef8f48b54144678c9) Importer(815301076,1909f56bfc062723c751e8b465ee728b)
Start importing Assets/PlayFlowCloud/Resources/PlayFlowIcons/lightning-icon.png using Guid(fe7ee53df14bd45ef8f48b54144678c9) Importer(815301076,1909f56bfc062723c751e8b465ee728b)  -> (artifact id: '6af49e68ef83cab0498d2a33dcfec82e') in 0.040605 seconds 
========================================================================
Received Import Request.
  Time since last request: 0.000062 seconds.
  path: Assets/PlayFlowCloud/Resources/PlayFlowIcons/restart.png
  artifactKey: Guid(17767c392c2e04686a1f04dbec6283b3) Importer(815301076,1909f56bfc062723c751e8b465ee728b)
Start importing Assets/PlayFlowCloud/Resources/PlayFlowIcons/restart.png using Guid(17767c392c2e04686a1f04dbec6283b3) Importer(815301076,1909f56bfc062723c751e8b465ee728b)  -> (artifact id: '58ec6ab2dd38eb4fa05122a610ea354b') in 0.049729 seconds 
========================================================================
Received Import Request.
  Time since last request: 0.000049 seconds.
  path: Assets/PlayFlowCloud/Resources/PlayFlowIcons/rocket.png
  artifactKey: Guid(66dd5d6c324f643ca9e03118674d51cf) Importer(815301076,1909f56bfc062723c751e8b465ee728b)
Start importing Assets/PlayFlowCloud/Resources/PlayFlowIcons/rocket.png using Guid(66dd5d6c324f643ca9e03118674d51cf) Importer(815301076,1909f56bfc062723c751e8b465ee728b)  -> (artifact id: '6cfe60cef7f8833ca2192aa595b22ba8') in 0.048289 seconds 
========================================================================
Received Import Request.
  Time since last request: 0.005435 seconds.
  path: Assets/PlayFlowCloud/Resources/PlayFlowIcons/red-x-icon.png
  artifactKey: Guid(3031def6d648741c592257a98f0addd7) Importer(815301076,1909f56bfc062723c751e8b465ee728b)
Start importing Assets/PlayFlowCloud/Resources/PlayFlowIcons/red-x-icon.png using Guid(3031def6d648741c592257a98f0addd7) Importer(815301076,1909f56bfc062723c751e8b465ee728b)  -> (artifact id: '3d6d1c49e85733b492b469c45c1053a4') in 0.127810 seconds 
========================================================================
Received Import Request.
  Time since last request: 0.000036 seconds.
  path: Assets/PlayFlowCloud/Resources/PlayFlowIcons/green-circle.png
  artifactKey: Guid(bc34997905e7746cd8ec14e49d0fdea3) Importer(815301076,1909f56bfc062723c751e8b465ee728b)
Start importing Assets/PlayFlowCloud/Resources/PlayFlowIcons/green-circle.png using Guid(bc34997905e7746cd8ec14e49d0fdea3) Importer(815301076,1909f56bfc062723c751e8b465ee728b)  -> (artifact id: 'ef83fb4667f0333151a9a698b5836dd4') in 0.031238 seconds 
========================================================================
Received Import Request.
  Time since last request: 0.000066 seconds.
  path: Assets/PlayFlowCloud/Resources/PlayFlowIcons/price-tag.png
  artifactKey: Guid(e7ddfc1e9894b4e7ba9d65a424c99b89) Importer(815301076,1909f56bfc062723c751e8b465ee728b)
Start importing Assets/PlayFlowCloud/Resources/PlayFlowIcons/price-tag.png using Guid(e7ddfc1e9894b4e7ba9d65a424c99b89) Importer(815301076,1909f56bfc062723c751e8b465ee728b)  -> (artifact id: '2845e69853ada74c093e28e6290d12b1') in 0.032640 seconds 
